<?xml version="1.0" encoding="UTF-8"?>
<!-- Generated by org.testng.reporters.JUnitXMLReporter -->
<testsuite ignored="2" hostname="EPPLKRAW07AB" failures="0" tests="8" name="Test to verify API with postId" time="5.716" errors="0" timestamp="2023-01-16T15:53:17 CET">
  <testcase classname="scripts.testRestAPI" name="testVerifyPostIDData" time="1.627"/>
  <testcase classname="scripts.testRestAPI" name="testVerifyPostIDData" time="0.491"/>
  <testcase classname="scripts.testRestAPI" name="testVerifyPostIDData" time="0.482"/>
  <testcase classname="scripts.testRestAPI" name="testVerifyPostIDData" time="0.484"/>
  <testcase classname="scripts.testRestAPI" name="testVerifyPostIDData" time="0.503"/>
  <testcase classname="scripts.testRestAPI" name="testVerifyPostIDData" time="0.467"/>
  <testcase classname="scripts.testRestAPI" name="testVerifyPostIDData" time="0.477"/>
  <testcase classname="scripts.testRestAPI" name="testVerifyPostIDData" time="0.467"/>
  <testcase classname="scripts.testRestAPI" name="testVerifyUserIDData" time="0.0">
    <ignored/>
  </testcase> <!-- testVerifyUserIDData -->
  <testcase classname="scripts.testRestAPI" name="testRequestAndResponse" time="0.0">
    <ignored/>
  </testcase> <!-- testRequestAndResponse -->
</testsuite> <!-- Test to verify API with postId -->
