<?xml version="1.0" encoding="UTF-8"?>
<!-- Generated by org.testng.reporters.JUnitXMLReporter -->
<testsuite ignored="2" hostname="EPPLKRAW07AB" failures="0" tests="6" name="Test to verify API with userId" time="4.261" errors="0" timestamp="2023-01-16T15:53:15 CET">
  <testcase classname="scripts.testRestAPI" name="testVerifyUserIDData" time="1.497"/>
  <testcase classname="scripts.testRestAPI" name="testVerifyUserIDData" time="0.372"/>
  <testcase classname="scripts.testRestAPI" name="testVerifyUserIDData" time="0.364"/>
  <testcase classname="scripts.testRestAPI" name="testVerifyUserIDData" time="0.385"/>
  <testcase classname="scripts.testRestAPI" name="testVerifyUserIDData" time="0.571"/>
  <testcase classname="scripts.testRestAPI" name="testVerifyUserIDData" time="0.353"/>
  <testcase classname="scripts.testRestAPI" name="testRequestAndResponse" time="0.0">
    <ignored/>
  </testcase> <!-- testRequestAndResponse -->
  <testcase classname="scripts.testRestAPI" name="testVerifyPostIDData" time="0.0">
    <ignored/>
  </testcase> <!-- testVerifyPostIDData -->
</testsuite> <!-- Test to verify API with userId -->
