<?xml version="1.0" encoding="UTF-8"?>
<!-- Generated by org.testng.reporters.JUnitXMLReporter -->
<testsuite ignored="2" hostname="EPPLKRAW07AB" failures="0" tests="16" name="Test to verify REST API Request and response" time="7.151" errors="0" timestamp="2023-01-16T15:53:18 CET">
  <testcase classname="scripts.testRestAPI" name="testRequestAndResponse" time="1.369"/>
  <testcase classname="scripts.testRestAPI" name="testRequestAndResponse" time="0.347"/>
  <testcase classname="scripts.testRestAPI" name="testRequestAndResponse" time="0.332"/>
  <testcase classname="scripts.testRestAPI" name="testRequestAndResponse" time="0.343"/>
  <testcase classname="scripts.testRestAPI" name="testRequestAndResponse" time="0.351"/>
  <testcase classname="scripts.testRestAPI" name="testRequestAndResponse" time="0.362"/>
  <testcase classname="scripts.testRestAPI" name="testRequestAndResponse" time="0.325"/>
  <testcase classname="scripts.testRestAPI" name="testRequestAndResponse" time="0.33"/>
  <testcase classname="scripts.testRestAPI" name="testRequestAndResponse" time="0.342"/>
  <testcase classname="scripts.testRestAPI" name="testRequestAndResponse" time="0.334"/>
  <testcase classname="scripts.testRestAPI" name="testRequestAndResponse" time="0.318"/>
  <testcase classname="scripts.testRestAPI" name="testRequestAndResponse" time="0.323"/>
  <testcase classname="scripts.testRestAPI" name="testRequestAndResponse" time="0.335"/>
  <testcase classname="scripts.testRestAPI" name="testRequestAndResponse" time="0.325"/>
  <testcase classname="scripts.testRestAPI" name="testRequestAndResponse" time="0.345"/>
  <testcase classname="scripts.testRestAPI" name="testRequestAndResponse" time="0.324"/>
  <testcase classname="scripts.testRestAPI" name="testVerifyPostIDData" time="0.0">
    <ignored/>
  </testcase> <!-- testVerifyPostIDData -->
  <testcase classname="scripts.testRestAPI" name="testVerifyUserIDData" time="0.0">
    <ignored/>
  </testcase> <!-- testVerifyUserIDData -->
</testsuite> <!-- Test to verify REST API Request and response -->
